INFO:root:{ INPUT MESSAGE } [ `Good news, everyone!` ]
INFO:root:{ INPUT TOKENS  } [ 71,111,111,100,32,110,101,119,115,44,32,101,118,101,114,121,111,110,101,33 ]
DEBUG:root:Instruction memory map is
(   88)        [0001011000]  -> [00000000000000000000000000000000] ~                     
(   87)        [0001010111]  -> [00000000000000000000101001100101] ~ JMP 83              
(   86)        [0001010110]  -> [11110000000000000000000000110010] ~ ADDI 3, 3, 1        
(   85)        [0001010101]  -> [00100100000000000000000000000010] ~ SW 0, 2, 1          
(   84)        [0001010100]  -> [00010000000000000000101100000111] ~ BEQ 1, 0, 88        
(   83)        [0001010011]  -> [01110000000000000000000000000001] ~ LW 1, 3, 0          
(   82)        [0001010010]  -> [11110000000000000000000000110010] ~ ADDI 3, 3, 1        
(   81)        [0001010001]  -> [10000000000000000000010001110010] ~ ADDI 2, 0, 35       
(   80)        [0001010000]  -> [00000000000000000000100101000101] ~ JMP 74              
(   79)        [0001001111]  -> [10100000000000000000000101010101] ~ DIVI 2, 2, 10       
(   78)        [0001001110]  -> [11110000000000000000000000110100] ~ SUBI 3, 3, 1        
(   77)        [0001001101]  -> [00110100000000000000000000000010] ~ SW 0, 3, 1          
(   76)        [0001001100]  -> [01010000000000000000011000010010] ~ ADDI 1, 1, 48       
(   75)        [0001001011]  -> [01100000000000000000000101010110] ~ REMI 1, 2, 10       
(   74)        [0001001010]  -> [00100000000000000000101000100111] ~ BEQ 2, 0, 81        
(   73)        [0001001001]  -> [11110000000000000000000000110100] ~ SUBI 3, 3, 1        
(   72)        [0001001000]  -> [00110000000000000000000000000010] ~ SW 0, 3, 0          
(   71)        [0001000111]  -> [11000000000000000000001100000011] ~ LWI 3, 0, 24        
(   70)        [0001000110]  -> [10000000000000000000001011100011] ~ LWI 2, 0, 23        
(   69)        [0001000101]  -> [00000000000000000000011001000101] ~ JMP 50              
(   68)        [0001000100]  -> [00100100000000000000000000000010] ~ SW 0, 2, 1          
(   67)        [0001000011]  -> [10000000000000000000001011010010] ~ ADDI 2, 0, 22       
(   66)        [0001000010]  -> [01010000000000000000000000110010] ~ ADDI 1, 1, 1        
(   65)        [0001000001]  -> [01000000000000000000001011000011] ~ LWI 1, 0, 22        
(   64)        [0001000000]  -> [00011100000000000000000000000010] ~ SW 0, 1, 3          
(   63)        [0000111111]  -> [01000000000000000000001011110010] ~ ADDI 1, 0, 23       
(   62)        [0000111110]  -> [11011000000000000000000000001111] ~ MUL 3, 1, 2         
(   61)        [0000111101]  -> [10000000000000000000001011100011] ~ LWI 2, 0, 23        
(   60)        [0000111100]  -> [01010000000000000000000000000001] ~ LW 1, 1, 0          
(   59)        [0000111011]  -> [01010000000000000000000000010010] ~ ADDI 1, 1, 0        
(   58)        [0000111010]  -> [01000000000000000000001011000011] ~ LWI 1, 0, 22        
(   57)        [0000111001]  -> [00100000000000000000100011000111] ~ BEQ 2, 0, 70        
(   56)        [0000111000]  -> [10010000000000000000000000000001] ~ LW 2, 1, 0          
(   55)        [0000110111]  -> [01011000000000000000000000001101] ~ ADD 1, 1, 2         
(   54)        [0000110110]  -> [10000000000000000000000000010010] ~ ADDI 2, 0, 0        
(   53)        [0000110101]  -> [01000000000000000000001011000011] ~ LWI 1, 0, 22        
(   52)        [0000110100]  -> [00011000000000000000100011001011] ~ BNL 1, 2, 70        
(   51)        [0000110011]  -> [01000000000000000000001011000011] ~ LWI 1, 0, 22        
(   50)        [0000110010]  -> [10000000000000000000001010110010] ~ ADDI 2, 0, 21       
(   49)        [0000110001]  -> [00010000000000000000000000000010] ~ SW 0, 1, 0          
(   48)        [0000110000]  -> [01000000000000000000001011010010] ~ ADDI 1, 0, 22       
(   47)        [0000101111]  -> [00000000000000000000000000000101] ~ JMP 0               
(   46)        [0000101110]  -> [00100100000000000000000000000010] ~ SW 0, 2, 1          
(   45)        [0000101101]  -> [10000000000000000000001001110010] ~ ADDI 2, 0, 19       
(   44)        [0000101100]  -> [01010000000000000000000000110010] ~ ADDI 1, 1, 1        
(   43)        [0000101011]  -> [01000000000000000000001001100011] ~ LWI 1, 0, 19        
(   42)        [0000101010]  -> [00011000000000000000000000000010] ~ SW 0, 1, 2          
(   41)        [0000101001]  -> [10000000000000000000001010000011] ~ LWI 2, 0, 20        
(   40)        [0000101000]  -> [01011000000000000000000000001101] ~ ADD 1, 1, 2         
(   39)        [0000100111]  -> [10000000000000000000001011000011] ~ LWI 2, 0, 22        
(   38)        [0000100110]  -> [01000000000000000000000000010010] ~ ADDI 1, 0, 0        
(   37)        [0000100101]  -> [00011000000000000000010101100111] ~ BEQ 1, 2, 43        
(   36)        [0000100100]  -> [10000000000000000000000000110010] ~ ADDI 2, 0, 1        
(   35)        [0000100011]  -> [01000000000000000000001010000011] ~ LWI 1, 0, 20        
(   34)        [0000100010]  -> [00000000000000000000000100000101] ~ JMP 8               
(   33)        [0000100001]  -> [00100100000000000000000000000010] ~ SW 0, 2, 1          
(   32)        [0000100000]  -> [10000000000000000000001011010010] ~ ADDI 2, 0, 22       
(   31)        [0000011111]  -> [01010000000000000000000000110010] ~ ADDI 1, 1, 1        
(   30)        [0000011110]  -> [01000000000000000000001011000011] ~ LWI 1, 0, 22        
(   29)        [0000011101]  -> [00011000000000000000000000000010] ~ SW 0, 1, 2          
(   28)        [0000011100]  -> [10101100000000000000000000010000] ~ DIV 2, 2, 3         
(   27)        [0000011011]  -> [11000000000000000000001010100011] ~ LWI 3, 0, 21        
(   26)        [0000011010]  -> [10000000000000000000001010000011] ~ LWI 2, 0, 20        
(   25)        [0000011001]  -> [01000000000000000000001010010010] ~ ADDI 1, 0, 20       
(   24)        [0000011000]  -> [00110000000000000000001111001000] ~ BNE 3, 0, 30        
(   23)        [0000010111]  -> [11011000000000000000000000010001] ~ REM 3, 1, 2         
(   22)        [0000010110]  -> [10000000000000000000001010100011] ~ LWI 2, 0, 21        
(   21)        [0000010101]  -> [01000000000000000000001010000011] ~ LWI 1, 0, 20        
(   20)        [0000010100]  -> [00011000000000000000000000000010] ~ SW 0, 1, 2          
(   19)        [0000010011]  -> [10100000000000000000000000000001] ~ LW 2, 2, 0          
(   18)        [0000010010]  -> [10100000000000000000000000010010] ~ ADDI 2, 2, 0        
(   17)        [0000010001]  -> [10000000000000000000001011000011] ~ LWI 2, 0, 22        
(   16)        [0000010000]  -> [01000000000000000000001010110010] ~ ADDI 1, 0, 21       
(   15)        [0000001111]  -> [00100000000000000000010001100111] ~ BEQ 2, 0, 35        
(   14)        [0000001110]  -> [10010000000000000000000000000001] ~ LW 2, 1, 0          
(   13)        [0000001101]  -> [01011000000000000000000000001101] ~ ADD 1, 1, 2         
(   12)        [0000001100]  -> [10000000000000000000000000010010] ~ ADDI 2, 0, 0        
(   11)        [0000001011]  -> [01000000000000000000001011000011] ~ LWI 1, 0, 22        
(   10)        [0000001010]  -> [00011000000000000000010001101011] ~ BNL 1, 2, 35        
(    9)        [0000001001]  -> [01000000000000000000001011000011] ~ LWI 1, 0, 22        
(    8)        [0000001000]  -> [10000000000000000000001010110010] ~ ADDI 2, 0, 21       
(    7)        [0000000111]  -> [00100000000000000000000000000010] ~ SW 0, 2, 0          
(    6)        [0000000110]  -> [10000000000000000000001011010010] ~ ADDI 2, 0, 22       
(    5)        [0000000101]  -> [00100100000000000000000000000010] ~ SW 0, 2, 1          
(    4)        [0000000100]  -> [10000000000000000000001010010010] ~ ADDI 2, 0, 20       
(    3)        [0000000011]  -> [01000000000000000000001001100011] ~ LWI 1, 0, 19        
(    2)        [0000000010]  -> [00011000000000000000011000001011] ~ BNL 1, 2, 48        
(    1)        [0000000001]  -> [01000000000000000000001001100011] ~ LWI 1, 0, 19        
(    0)        [0000000000]  -> [10000000000000000000001010110010] ~ ADDI 2, 0, 21       

DEBUG:root:Data memory map is
(   33)        [0000100001]  -> [00000000000000000000000000000000] = (         0)
(   32)        [0000100000]  -> [00000000000000000000000000000000] = (         0)
(   31)        [0000011111]  -> [00000000000000000000000000000000] = (         0)
(   30)        [0000011110]  -> [00000000000000000000000000000000] = (         0)
(   29)        [0000011101]  -> [00000000000000000000000000000000] = (         0)
(   28)        [0000011100]  -> [00000000000000000000000000000000] = (         0)
(   27)        [0000011011]  -> [00000000000000000000000000000000] = (         0)
(   26)        [0000011010]  -> [00000000000000000000000000000000] = (         0)
(   25)        [0000011001]  -> [00000000000000000000000000000000] = (         0)
(   24)        [0000011000]  -> [00000000000000000000000000000000] = (         0)
(   23)        [0000010111]  -> [00000000000000000000000000000001] = (         1)
(   22)        [0000010110]  -> [00000000000000000000000000000000] = (         0)
(   21)        [0000010101]  -> [00000000000000000000000000000000] = (         0)
(   20)        [0000010100]  -> [00000000000000000000000000000000] = (         0)
(   19)        [0000010011]  -> [00000000000000000000000000000010] = (         2)
(   18)        [0000010010]  -> [00000000000000000000000000000000] = (         0)
(   17)        [0000010001]  -> [00000000000000000000000000000000] = (         0)
(   16)        [0000010000]  -> [00000000000000000000000000000000] = (         0)
(   15)        [0000001111]  -> [00000000000000000000000000000000] = (         0)
(   14)        [0000001110]  -> [00000000000000000000000000000000] = (         0)
(   13)        [0000001101]  -> [00000000000000000000000000000000] = (         0)
(   12)        [0000001100]  -> [00000000000000000000000000000000] = (         0)
(   11)        [0000001011]  -> [00000000000000000000000000000000] = (         0)
(   10)        [0000001010]  -> [00000000000000000000000000000000] = (         0)
(    9)        [0000001001]  -> [00000000000000000000000000000000] = (         0)
(    8)        [0000001000]  -> [00000000000000000000000000000000] = (         0)
(    7)        [0000000111]  -> [00000000000000000000000000000000] = (         0)
(    6)        [0000000110]  -> [00000000000000000000000000000000] = (         0)
(    5)        [0000000101]  -> [00000000000000000000000000000000] = (         0)
(    4)        [0000000100]  -> [00000000000000000000000000000000] = (         0)
(    3)        [0000000011]  -> [00000000000000000000000000000000] = (         0)
(    2)        [0000000010]  -> [00000000000000000000000000000000] = (         0)
(    1)        [0000000001]  -> [00000000000000000000000000000000] = (         0)
(    0)        [0000000000]  -> [00000000000000000000000000000000] = (         0)

DEBUG:root:Data memory map is
(   33)        [0000100001]  -> [00000000000000000000000000000000] = (         0)
(   32)        [0000100000]  -> [00000000000000000000000000000000] = (         0)
(   31)        [0000011111]  -> [00000000000000000000000000000000] = (         0)
(   30)        [0000011110]  -> [00000000000000000000000000000000] = (         0)
(   29)        [0000011101]  -> [00000000000000000000000000000000] = (         0)
(   28)        [0000011100]  -> [00000000000000000000000000000000] = (         0)
(   27)        [0000011011]  -> [00000000000000000000000000000000] = (         0)
(   26)        [0000011010]  -> [00000000000000000000000000000000] = (         0)
(   25)        [0000011001]  -> [00000000000000000000000000000000] = (         0)
(   24)        [0000011000]  -> [00000000000000000000000000000000] = (         0)
(   23)        [0000010111]  -> [00000000000000000000000000000001] = (         1)
(   22)        [0000010110]  -> [00000000000000000000000000000000] = (         0)
(   21)        [0000010101]  -> [00000000000000000000000000000000] = (         0)
(   20)        [0000010100]  -> [00000000000000000000000000000000] = (         0)
(   19)        [0000010011]  -> [00000000000000000000000000000010] = (         2)
(   18)        [0000010010]  -> [00000000000000000000000000000000] = (         0)
(   17)        [0000010001]  -> [00000000000000000000000000000000] = (         0)
(   16)        [0000010000]  -> [00000000000000000000000000000000] = (         0)
(   15)        [0000001111]  -> [00000000000000000000000000000000] = (         0)
(   14)        [0000001110]  -> [00000000000000000000000000000000] = (         0)
(   13)        [0000001101]  -> [00000000000000000000000000000000] = (         0)
(   12)        [0000001100]  -> [00000000000000000000000000000000] = (         0)
(   11)        [0000001011]  -> [00000000000000000000000000000000] = (         0)
(   10)        [0000001010]  -> [00000000000000000000000000000000] = (         0)
(    9)        [0000001001]  -> [00000000000000000000000000000000] = (         0)
(    8)        [0000001000]  -> [00000000000000000000000000000000] = (         0)
(    7)        [0000000111]  -> [00000000000000000000000000000000] = (         0)
(    6)        [0000000110]  -> [00000000000000000000000000000000] = (         0)
(    5)        [0000000101]  -> [00000000000000000000000000000000] = (         0)
(    4)        [0000000100]  -> [00000000000000000000000000000000] = (         0)
(    3)        [0000000011]  -> [00000000000000000000000000000000] = (         0)
(    2)        [0000000010]  -> [00000000000000000000000000000000] = (         0)
(    1)        [0000000001]  -> [00000000000000000000000000000000] = (         0)
(    0)        [0000000000]  -> [00000000000000000000000000000000] = (         0)

Traceback (most recent call last):
  File "/home/drukhary/IFMO/Architecture of Computer/orders/banana69/./machine.py", line 370, in <module>
    main(sys.argv[1:])
  File "/home/drukhary/IFMO/Architecture of Computer/orders/banana69/./machine.py", line 358, in main
    output, instr_counter, ticks = simulation(
  File "/home/drukhary/IFMO/Architecture of Computer/orders/banana69/./machine.py", line 331, in simulation
    control_unit.complete_stage()
  File "/home/drukhary/IFMO/Architecture of Computer/orders/banana69/./machine.py", line 160, in complete_stage
    logging.debug("<-- [INSTRUCTION] PC = %d ->",self.data_path.pc)
AttributeError: 'DataPath' object has no attribute 'pc'
